TN:
SF:D:\development\easyapps-7-test1\Column.js
FN:4,(anonymous_0)
FNF:1
FNH:1
FNDA:1,(anonymous_0)
DA:5,1
DA:9,1
LF:2
LH:2
BRF:0
BRH:0
end_of_record
TN:
SF:D:\development\easyapps-7-test1\Table.js
FN:7,(anonymous_0)
FN:10,(anonymous_1)
FN:14,(anonymous_2)
FN:18,(anonymous_3)
FN:25,(anonymous_4)
FN:28,(anonymous_5)
FN:32,(anonymous_6)
FN:38,(anonymous_7)
FN:42,(anonymous_8)
FN:46,(anonymous_9)
FN:58,(anonymous_10)
FN:59,(anonymous_11)
FN:62,(anonymous_12)
FN:63,(anonymous_13)
FN:69,(anonymous_14)
FN:81,(anonymous_15)
FN:88,(anonymous_16)
FN:95,(anonymous_17)
FN:112,(anonymous_18)
FN:117,(anonymous_19)
FN:126,(anonymous_20)
FN:128,(anonymous_21)
FNF:22
FNH:22
FNDA:1,(anonymous_0)
FNDA:2,(anonymous_1)
FNDA:3,(anonymous_2)
FNDA:14,(anonymous_3)
FNDA:25,(anonymous_4)
FNDA:2,(anonymous_5)
FNDA:1,(anonymous_6)
FNDA:2,(anonymous_7)
FNDA:4,(anonymous_8)
FNDA:5,(anonymous_9)
FNDA:2,(anonymous_10)
FNDA:9,(anonymous_11)
FNDA:2,(anonymous_12)
FNDA:7,(anonymous_13)
FNDA:2,(anonymous_14)
FNDA:6,(anonymous_15)
FNDA:99,(anonymous_16)
FNDA:38,(anonymous_17)
FNDA:11,(anonymous_18)
FNDA:38,(anonymous_19)
FNDA:25,(anonymous_20)
FNDA:99,(anonymous_21)
DA:4,1
DA:8,1
DA:11,2
DA:12,2
DA:15,3
DA:16,3
DA:19,14
DA:21,3
DA:23,2
DA:26,25
DA:29,2
DA:30,2
DA:33,1
DA:39,2
DA:40,2
DA:41,1
DA:43,4
DA:46,5
DA:48,2
DA:49,1
DA:51,2
DA:52,1
DA:54,1
DA:56,2
DA:59,9
DA:60,2
DA:63,7
DA:64,2
DA:65,1
DA:66,1
DA:70,2
DA:71,2
DA:72,2
DA:73,2
DA:74,2
DA:75,1
DA:77,2
DA:78,1
DA:81,6
DA:83,2
DA:89,99
DA:90,99
DA:91,99
DA:96,38
DA:97,28
DA:109,10
DA:113,11
DA:117,38
DA:126,25
DA:128,99
DA:137,1
LF:51
LH:51
BRDA:40,0,0,1
BRDA:40,0,1,1
BRDA:40,1,0,2
BRDA:40,1,1,1
BRDA:46,2,0,5
BRDA:46,2,1,3
BRDA:48,3,0,1
BRDA:48,3,1,1
BRDA:51,4,0,1
BRDA:51,4,1,1
BRDA:64,5,0,1
BRDA:64,5,1,1
BRDA:74,6,0,1
BRDA:74,6,1,1
BRDA:77,7,0,1
BRDA:77,7,1,1
BRDA:81,8,0,3
BRDA:81,8,1,3
BRDA:90,9,0,99
BRDA:90,9,1,74
BRDA:90,10,0,96
BRDA:90,10,1,3
BRDA:96,11,0,28
BRDA:96,11,1,10
BRDA:96,12,0,38
BRDA:96,12,1,10
BRDA:103,13,0,2
BRDA:103,13,1,26
BRDA:104,14,0,1
BRDA:104,14,1,1
BRF:30
BRH:30
end_of_record
TN:
SF:D:\development\easyapps-7-test1\intents.js
FN:5,(anonymous_0)
FN:12,(anonymous_1)
FNF:2
FNH:2
FNDA:2,(anonymous_0)
FNDA:25,(anonymous_1)
DA:3,1
DA:5,1
DA:6,2
DA:7,2
DA:9,2
DA:12,1
DA:13,25
DA:14,25
DA:15,25
DA:16,25
DA:17,25
DA:19,25
DA:20,24
DA:25,25
LF:14
LH:14
BRDA:6,0,0,2
BRDA:6,0,1,0
BRDA:15,1,0,25
BRDA:15,1,1,0
BRDA:16,2,0,25
BRDA:16,2,1,0
BRDA:19,3,0,24
BRDA:19,3,1,1
BRDA:19,4,0,25
BRDA:19,4,1,24
BRF:10
BRH:7
end_of_record
TN:
SF:D:\development\easyapps-7-test1\main.js
FNF:0
FNH:0
LF:0
LH:0
BRF:0
BRH:0
end_of_record
